#
# There is insufficient memory for the Java Runtime Environment to continue.
# Native memory allocation (malloc) failed to allocate 32784 bytes for Chunk::new
# Possible reasons:
#   The system is out of physical RAM or swap space
#   In 32 bit mode, the process size limit was hit
# Possible solutions:
#   Reduce memory load on the system
#   Increase physical memory or swap space
#   Check if swap backing store is full
#   Use 64 bit Java on a 64 bit OS
#   Decrease Java heap size (-Xmx/-Xms)
#   Decrease number of Java threads
#   Decrease Java thread stack sizes (-Xss)
#   Set larger code cache with -XX:ReservedCodeCacheSize=
# This output file may be truncated or incomplete.
#
#  Out of Memory Error (allocation.cpp:390), pid=1380, tid=0x00000000000013a0
#
# JRE version: Java(TM) SE Runtime Environment (8.0_121-b13) (build 1.8.0_121-b13)
# Java VM: Java HotSpot(TM) 64-Bit Server VM (25.121-b13 mixed mode windows-amd64 compressed oops)
# Failed to write core dump. 
#

---------------  T H R E A D  ---------------

Current thread (0x00000000143da800):  JavaThread "C2 CompilerThread0" daemon [_thread_in_native, id=5024, stack(0x00000000153f0000,0x00000000154f0000)]

Stack: [0x00000000153f0000,0x00000000154f0000]
[error occurred during error reporting (printing stack bounds), id 0xc0000005]

Native frames: (J=compiled Java code, j=interpreted, Vv=VM code, C=native code)


Current CompileTask:
C2:   4887 3023 %     4       com.datastax.driver.core.ReplicationStrategy$SimpleStrategy::computeTokenToReplicaMap @ 56 (138 bytes)


---------------  P R O C E S S  ---------------

Java Threads: ( => current thread )
  0x0000000019d42800 JavaThread "threadDeathWatcher-9-1" daemon [_thread_blocked, id=4828, stack(0x000000001b5d0000,0x000000001b6d0000)]
  0x00000000197f4800 JavaThread "cluster-timeouter-0" [_thread_blocked, id=4104, stack(0x000000001b4d0000,0x000000001b5d0000)]
  0x0000000019e5a800 JavaThread "cluster-nio-worker-0" [_thread_in_native, id=5116, stack(0x000000001ae40000,0x000000001af40000)]
  0x0000000019cef800 JavaThread "cluster-scheduled-task-worker-0" [_thread_blocked, id=1580, stack(0x00000000181a0000,0x00000000182a0000)]
  0x000000001a19b800 JavaThread "cluster-connection-reaper-0" [_thread_blocked, id=3552, stack(0x0000000017780000,0x0000000017880000)]
  0x000000001444d000 JavaThread "Service Thread" daemon [_thread_blocked, id=636, stack(0x00000000155f0000,0x00000000156f0000)]
  0x00000000143e0000 JavaThread "C1 CompilerThread1" daemon [_thread_blocked, id=1912, stack(0x00000000154f0000,0x00000000155f0000)]
=>0x00000000143da800 JavaThread "C2 CompilerThread0" daemon [_thread_in_native, id=5024, stack(0x00000000153f0000,0x00000000154f0000)]
  0x00000000143d8000 JavaThread "Attach Listener" daemon [_thread_blocked, id=1680, stack(0x00000000152f0000,0x00000000153f0000)]
  0x00000000143d5000 JavaThread "Signal Dispatcher" daemon [_thread_blocked, id=3388, stack(0x00000000151f0000,0x00000000152f0000)]
  0x00000000143c8800 JavaThread "Finalizer" daemon [_thread_blocked, id=2564, stack(0x0000000015010000,0x0000000015110000)]
  0x0000000001f1d000 JavaThread "Reference Handler" daemon [_thread_blocked, id=1576, stack(0x0000000014f10000,0x0000000015010000)]
  0x0000000001e31000 JavaThread "main" [_thread_in_native, id=3612, stack(0x0000000001d20000,0x0000000001e20000)]

Other Threads:
  0x00000000143a7800 VMThread [stack: 0x0000000014e10000,0x0000000014f10000] [id=4596]
  0x0000000014461800 WatcherThread [stack: 0x00000000156f0000,0x00000000157f0000] [id=3360]

VM state:not at safepoint (normal execution)

VM Mutex/Monitor currently owned by a thread: None

Heap:
 PSYoungGen      total 246272K, used 52139K [0x00000000eab00000, 0x00000000fbb00000, 0x0000000100000000)
  eden space 237056K, 18% used [0x00000000eab00000,0x00000000ed4ee678,0x00000000f9280000)
  from space 9216K, 99% used [0x00000000fb200000,0x00000000fbafc8f0,0x00000000fbb00000)
  to   space 10752K, 0% used [0x00000000fa600000,0x00000000fa600000,0x00000000fb080000)
 ParOldGen       total 35328K, used 10965K [0x00000000c0000000, 0x00000000c2280000, 0x00000000eab00000)
  object space 35328K, 31% used [0x00000000c0000000,0x00000000c0ab56d8,0x00000000c2280000)
 Metaspace       used 34737K, capacity 35096K, committed 35456K, reserved 1081344K
  class space    used 4367K, capacity 4451K, committed 4480K, reserved 1048576K

Card table byte_map: [0x00000000112f0000,0x0000000011500000] byte_map_base: 0x0000000010cf0000

Marking Bits: (ParMarkBitMap*) 0x000000005909b6d0
 Begin Bits: [0x0000000011860000, 0x0000000012860000)
 End Bits:   [0x0000000012860000, 0x0000000013860000)

Polling page: 0x00000000003a0000

CodeCache: size=245760Kb used=9277Kb max_used=10219Kb free=236482Kb
 bounds [0x0000000001f30000, 0x0000000002930000, 0x0000000010f30000]
 total_blobs=3309 nmethods=2766 adapters=454
 compilation: enabled

Compilation events (10 events):
Event: 4.879 Thread 0x00000000143e0000 nmethod 3018 0x00000000020b58d0 code [0x00000000020b5a20, 0x00000000020b5b30]
Event: 4.879 Thread 0x00000000143e0000 3022       3       com.google.common.collect.ImmutableSet::copyOf (60 bytes)
Event: 4.879 Thread 0x00000000143e0000 nmethod 3022 0x00000000020e2810 code [0x00000000020e2a40, 0x00000000020e36f8]
Event: 4.882 Thread 0x00000000143e0000 3024       3       com.datastax.driver.core.TokenRange::equals (55 bytes)
Event: 4.882 Thread 0x00000000143e0000 nmethod 3024 0x00000000020451d0 code [0x0000000002045380, 0x0000000002045bf8]
Event: 4.882 Thread 0x00000000143e0000 3025       3       com.datastax.driver.core.Token$M3PToken::equals (45 bytes)
Event: 4.883 Thread 0x00000000143e0000 nmethod 3025 0x00000000020b8e10 code [0x00000000020b8f80, 0x00000000020b9430]
Event: 4.883 Thread 0x00000000143e0000 3026       1       com.google.common.collect.Iterators$11::get (12 bytes)
Event: 4.883 Thread 0x00000000143e0000 nmethod 3026 0x00000000020b7590 code [0x00000000020b76e0, 0x00000000020b7810]
Event: 4.883 Thread 0x00000000143e0000 3027       3       com.google.common.collect.CollectPreconditions::checkNonnegative (54 bytes)

GC Heap History (10 events):
Event: 2.345 GC heap before
{Heap before GC invocations=5 (full 0):
 PSYoungGen      total 68096K, used 68070K [0x00000000eab00000, 0x00000000ef000000, 0x0000000100000000)
  eden space 65536K, 100% used [0x00000000eab00000,0x00000000eeb00000,0x00000000eeb00000)
  from space 2560K, 99% used [0x00000000eed80000,0x00000000eeff9a48,0x00000000ef000000)
  to   space 2560K, 0% used [0x00000000eeb00000,0x00000000eeb00000,0x00000000eed80000)
 ParOldGen       total 44032K, used 3866K [0x00000000c0000000, 0x00000000c2b00000, 0x00000000eab00000)
  object space 44032K, 8% used [0x00000000c0000000,0x00000000c03c69f8,0x00000000c2b00000)
 Metaspace       used 17383K, capacity 17514K, committed 17792K, reserved 1064960K
  class space    used 2144K, capacity 2175K, committed 2176K, reserved 1048576K
Event: 2.354 GC heap after
Heap after GC invocations=5 (full 0):
 PSYoungGen      total 68096K, used 2532K [0x00000000eab00000, 0x00000000f3c00000, 0x0000000100000000)
  eden space 65536K, 0% used [0x00000000eab00000,0x00000000eab00000,0x00000000eeb00000)
  from space 2560K, 98% used [0x00000000eeb00000,0x00000000eed791b0,0x00000000eed80000)
  to   space 8704K, 0% used [0x00000000f3380000,0x00000000f3380000,0x00000000f3c00000)
 ParOldGen       total 44032K, used 10032K [0x00000000c0000000, 0x00000000c2b00000, 0x00000000eab00000)
  object space 44032K, 22% used [0x00000000c0000000,0x00000000c09cc290,0x00000000c2b00000)
 Metaspace       used 17383K, capacity 17514K, committed 17792K, reserved 1064960K
  class space    used 2144K, capacity 2175K, committed 2176K, reserved 1048576K
}
Event: 2.867 GC heap before
{Heap before GC invocations=6 (full 0):
 PSYoungGen      total 68096K, used 68068K [0x00000000eab00000, 0x00000000f3c00000, 0x0000000100000000)
  eden space 65536K, 100% used [0x00000000eab00000,0x00000000eeb00000,0x00000000eeb00000)
  from space 2560K, 98% used [0x00000000eeb00000,0x00000000eed791b0,0x00000000eed80000)
  to   space 8704K, 0% used [0x00000000f3380000,0x00000000f3380000,0x00000000f3c00000)
 ParOldGen       total 44032K, used 10032K [0x00000000c0000000, 0x00000000c2b00000, 0x00000000eab00000)
  object space 44032K, 22% used [0x00000000c0000000,0x00000000c09cc290,0x00000000c2b00000)
 Metaspace       used 20807K, capacity 21008K, committed 21296K, reserved 1069056K
  class space    used 2566K, capacity 2587K, committed 2688K, reserved 1048576K
Event: 2.880 GC heap after
Heap after GC invocations=6 (full 0):
 PSYoungGen      total 138752K, used 7010K [0x00000000eab00000, 0x00000000f3e00000, 0x0000000100000000)
  eden space 130048K, 0% used [0x00000000eab00000,0x00000000eab00000,0x00000000f2a00000)
  from space 8704K, 80% used [0x00000000f3380000,0x00000000f3a58ba8,0x00000000f3c00000)
  to   space 9728K, 0% used [0x00000000f2a00000,0x00000000f2a00000,0x00000000f3380000)
 ParOldGen       total 44032K, used 10032K [0x00000000c0000000, 0x00000000c2b00000, 0x00000000eab00000)
  object space 44032K, 22% used [0x00000000c0000000,0x00000000c09cc290,0x00000000c2b00000)
 Metaspace       used 20807K, capacity 21008K, committed 21296K, reserved 1069056K
  class space    used 2566K, capacity 2587K, committed 2688K, reserved 1048576K
}
Event: 2.907 GC heap before
{Heap before GC invocations=7 (full 0):
 PSYoungGen      total 138752K, used 10824K [0x00000000eab00000, 0x00000000f3e00000, 0x0000000100000000)
  eden space 130048K, 2% used [0x00000000eab00000,0x00000000eaeb9470,0x00000000f2a00000)
  from space 8704K, 80% used [0x00000000f3380000,0x00000000f3a58ba8,0x00000000f3c00000)
  to   space 9728K, 0% used [0x00000000f2a00000,0x00000000f2a00000,0x00000000f3380000)
 ParOldGen       total 44032K, used 10032K [0x00000000c0000000, 0x00000000c2b00000, 0x00000000eab00000)
  object space 44032K, 22% used [0x00000000c0000000,0x00000000c09cc290,0x00000000c2b00000)
 Metaspace       used 20969K, capacity 21136K, committed 21296K, reserved 1069056K
  class space    used 2589K, capacity 2651K, committed 2688K, reserved 1048576K
Event: 2.917 GC heap after
Heap after GC invocations=7 (full 0):
 PSYoungGen      total 139776K, used 4368K [0x00000000eab00000, 0x00000000fbb00000, 0x0000000100000000)
  eden space 130048K, 0% used [0x00000000eab00000,0x00000000eab00000,0x00000000f2a00000)
  from space 9728K, 44% used [0x00000000f2a00000,0x00000000f2e44020,0x00000000f3380000)
  to   space 9216K, 0% used [0x00000000fb200000,0x00000000fb200000,0x00000000fbb00000)
 ParOldGen       total 44032K, used 10658K [0x00000000c0000000, 0x00000000c2b00000, 0x00000000eab00000)
  object space 44032K, 24% used [0x00000000c0000000,0x00000000c0a68b40,0x00000000c2b00000)
 Metaspace       used 20969K, capacity 21136K, committed 21296K, reserved 1069056K
  class space    used 2589K, capacity 2651K, committed 2688K, reserved 1048576K
}
Event: 2.917 GC heap before
{Heap before GC invocations=8 (full 1):
 PSYoungGen      total 139776K, used 4368K [0x00000000eab00000, 0x00000000fbb00000, 0x0000000100000000)
  eden space 130048K, 0% used [0x00000000eab00000,0x00000000eab00000,0x00000000f2a00000)
  from space 9728K, 44% used [0x00000000f2a00000,0x00000000f2e44020,0x00000000f3380000)
  to   space 9216K, 0% used [0x00000000fb200000,0x00000000fb200000,0x00000000fbb00000)
 ParOldGen       total 44032K, used 10658K [0x00000000c0000000, 0x00000000c2b00000, 0x00000000eab00000)
  object space 44032K, 24% used [0x00000000c0000000,0x00000000c0a68b40,0x00000000c2b00000)
 Metaspace       used 20969K, capacity 21136K, committed 21296K, reserved 1069056K
  class space    used 2589K, capacity 2651K, committed 2688K, reserved 1048576K
Event: 2.960 GC heap after
Heap after GC invocations=8 (full 1):
 PSYoungGen      total 139776K, used 0K [0x00000000eab00000, 0x00000000fbb00000, 0x0000000100000000)
  eden space 130048K, 0% used [0x00000000eab00000,0x00000000eab00000,0x00000000f2a00000)
  from space 9728K, 0% used [0x00000000f2a00000,0x00000000f2a00000,0x00000000f3380000)
  to   space 9216K, 0% used [0x00000000fb200000,0x00000000fb200000,0x00000000fbb00000)
 ParOldGen       total 35328K, used 10957K [0x00000000c0000000, 0x00000000c2280000, 0x00000000eab00000)
  object space 35328K, 31% used [0x00000000c0000000,0x00000000c0ab36d8,0x00000000c2280000)
 Metaspace       used 20969K, capacity 21136K, committed 21296K, reserved 1069056K
  class space    used 2589K, capacity 2651K, committed 2688K, reserved 1048576K
}
Event: 4.276 GC heap before
{Heap before GC invocations=9 (full 1):
 PSYoungGen      total 139776K, used 130048K [0x00000000eab00000, 0x00000000fbb00000, 0x0000000100000000)
  eden space 130048K, 100% used [0x00000000eab00000,0x00000000f2a00000,0x00000000f2a00000)
  from space 9728K, 0% used [0x00000000f2a00000,0x00000000f2a00000,0x00000000f3380000)
  to   space 9216K, 0% used [0x00000000fb200000,0x00000000fb200000,0x00000000fbb00000)
 ParOldGen       total 35328K, used 10957K [0x00000000c0000000, 0x00000000c2280000, 0x00000000eab00000)
  object space 35328K, 31% used [0x00000000c0000000,0x00000000c0ab36d8,0x00000000c2280000)
 Metaspace       used 29408K, capacity 29748K, committed 29952K, reserved 1075200K
  class space    used 3685K, capacity 3777K, committed 3840K, reserved 1048576K
Event: 4.290 GC heap after
Heap after GC invocations=9 (full 1):
 PSYoungGen      total 246272K, used 9202K [0x00000000eab00000, 0x00000000fbb00000, 0x0000000100000000)
  eden space 237056K, 0% used [0x00000000eab00000,0x00000000eab00000,0x00000000f9280000)
  from space 9216K, 99% used [0x00000000fb200000,0x00000000fbafc8f0,0x00000000fbb00000)
  to   space 10752K, 0% used [0x00000000fa600000,0x00000000fa600000,0x00000000fb080000)
 ParOldGen       total 35328K, used 10965K [0x00000000c0000000, 0x00000000c2280000, 0x00000000eab00000)
  object space 35328K, 31% used [0x00000000c0000000,0x00000000c0ab56d8,0x00000000c2280000)
 Metaspace       used 29408K, capacity 29748K, committed 29952K, reserved 1075200K
  class space    used 3685K, capacity 3777K, committed 3840K, reserved 1048576K
}

Deoptimization events (10 events):
Event: 3.654 Thread 0x0000000001e31000 Uncommon trap: reason=array_check action=maybe_recompile pc=0x00000000027e8f6c method=java.util.AbstractCollection.toArray([Ljava/lang/Object;)[Ljava/lang/Object; @ 119
Event: 3.721 Thread 0x0000000001e31000 Uncommon trap: reason=unstable_if action=reinterpret pc=0x00000000027d17c8 method=org.springframework.asm.Type.getArgumentTypes(Ljava/lang/String;)[Lorg/springframework/asm/Type; @ 58
Event: 3.907 Thread 0x0000000001e31000 Uncommon trap: reason=unstable_if action=reinterpret pc=0x00000000027ed094 method=java.lang.reflect.Method.equals(Ljava/lang/Object;)Z @ 1
Event: 3.968 Thread 0x0000000001e31000 Uncommon trap: reason=bimorphic action=maybe_recompile pc=0x00000000027db698 method=java.util.regex.Matcher.match(II)Z @ 86
Event: 3.968 Thread 0x0000000001e31000 Uncommon trap: reason=bimorphic action=maybe_recompile pc=0x00000000023af648 method=java.util.regex.Pattern$CharProperty.match(Ljava/util/regex/Matcher;ILjava/lang/CharSequence;)Z @ 37
Event: 4.056 Thread 0x0000000001e31000 Uncommon trap: reason=range_check action=make_not_entrant pc=0x00000000023ba878 method=java.lang.String.charAt(I)C @ 27
Event: 4.057 Thread 0x0000000001e31000 Uncommon trap: reason=unstable_if action=reinterpret pc=0x000000000255b078 method=java.io.WinNTFileSystem.resolve(Ljava/lang/String;Ljava/lang/String;)Ljava/lang/String; @ 117
Event: 4.223 Thread 0x0000000001e31000 Uncommon trap: reason=bimorphic action=maybe_recompile pc=0x00000000027db698 method=java.util.regex.Matcher.match(II)Z @ 86
Event: 4.224 Thread 0x0000000001e31000 Uncommon trap: reason=bimorphic action=maybe_recompile pc=0x00000000027db698 method=java.util.regex.Matcher.match(II)Z @ 86
Event: 4.227 Thread 0x0000000001e31000 Uncommon trap: reason=bimorphic action=maybe_recompile pc=0x00000000027db698 method=java.util.regex.Matcher.match(II)Z @ 86

Internal exceptions (10 events):
Event: 3.974 Thread 0x0000000001e31000 Exception <a 'java/lang/ClassNotFoundException': org/springframework/cassandra/config/CassandraCqlClusterFactoryBeanCustomizer> (0x00000000f15642f8) thrown at [C:\re\workspace\8-2-build-windows-amd64-cygwin\jdk8u121\8372\hotspot\src\share\vm\classfile\sys
Event: 3.977 Thread 0x0000000001e31000 Exception <a 'java/lang/ClassNotFoundException': org/springframework/data/cassandra/config/CassandraClusterFactoryBeanCustomizer> (0x00000000f15dba20) thrown at [C:\re\workspace\8-2-build-windows-amd64-cygwin\jdk8u121\8372\hotspot\src\share\vm\classfile\s
Event: 3.979 Thread 0x0000000001e31000 Exception <a 'java/lang/ClassNotFoundException': org/springframework/beans/factory/FactoryBeanCustomizer> (0x00000000f163ac90) thrown at [C:\re\workspace\8-2-build-windows-amd64-cygwin\jdk8u121\8372\hotspot\src\share\vm\classfile\systemDictionary.cpp, lin
Event: 3.980 Thread 0x0000000001e31000 Exception <a 'java/lang/ClassNotFoundException': org/springframework/beans/factory/InitializingBeanCustomizer> (0x00000000f1662c38) thrown at [C:\re\workspace\8-2-build-windows-amd64-cygwin\jdk8u121\8372\hotspot\src\share\vm\classfile\systemDictionary.cpp
Event: 3.980 Thread 0x0000000001e31000 Exception <a 'java/lang/ClassNotFoundException': org/springframework/beans/factory/DisposableBeanCustomizer> (0x00000000f16866f0) thrown at [C:\re\workspace\8-2-build-windows-amd64-cygwin\jdk8u121\8372\hotspot\src\share\vm\classfile\systemDictionary.cpp, 
Event: 3.980 Thread 0x0000000001e31000 Exception <a 'java/lang/ClassNotFoundException': org/springframework/beans/factory/BeanNameAwareCustomizer> (0x00000000f16aa148) thrown at [C:\re\workspace\8-2-build-windows-amd64-cygwin\jdk8u121\8372\hotspot\src\share\vm\classfile\systemDictionary.cpp, l
Event: 3.981 Thread 0x0000000001e31000 Exception <a 'java/lang/ClassNotFoundException': org/springframework/dao/support/PersistenceExceptionTranslatorCustomizer> (0x00000000f16d4a30) thrown at [C:\re\workspace\8-2-build-windows-amd64-cygwin\jdk8u121\8372\hotspot\src\share\vm\classfile\systemDi
Event: 4.497 Thread 0x0000000001e31000 Exception <a 'java/lang/IllegalAccessError': tried to access class com.datastax.driver.core.Message$Response from class io.netty.util.internal.__matchers__.com.datastax.driver.core.Message$ResponseMatcher> (0x00000000ebcd46a0) thrown at [C:\re\workspace\8
Event: 4.568 Thread 0x0000000001e31000 Exception <a 'java/lang/IllegalAccessError': tried to access class com.datastax.driver.core.Frame from class io.netty.util.internal.__matchers__.com.datastax.driver.core.FrameMatcher> (0x00000000ec095dd0) thrown at [C:\re\workspace\8-2-build-windows-amd64
Event: 4.572 Thread 0x0000000001e31000 Exception <a 'java/lang/IllegalAccessError': tried to access class com.datastax.driver.core.Message$Request from class io.netty.util.internal.__matchers__.com.datastax.driver.core.Message$RequestMatcher> (0x00000000ec0fb8b8) thrown at [C:\re\workspace\8-2

Events (10 events):
Event: 4.852 Thread 0x00000000143e0000 flushing nmethod 0x00000000024a4a50
Event: 4.852 Thread 0x00000000143e0000 flushing nmethod 0x00000000024a7410
Event: 4.852 Thread 0x00000000143e0000 flushing nmethod 0x00000000024cc350
Event: 4.852 Thread 0x00000000143e0000 flushing nmethod 0x0000000002511410
Event: 4.852 Thread 0x00000000143e0000 flushing nmethod 0x0000000002513a90
Event: 4.852 Thread 0x00000000143e0000 flushing nmethod 0x000000000254ad90
Event: 4.852 Thread 0x00000000143e0000 flushing nmethod 0x000000000254e950
Event: 4.852 Thread 0x00000000143e0000 flushing nmethod 0x000000000258e850
Event: 4.852 Thread 0x00000000143e0000 flushing nmethod 0x00000000025b8810
Event: 4.852 Thread 0x00000000143e0000 flushing nmethod 0x00000000025c1790


Dynamic libraries:
0x00007ff614730000 - 0x00007ff614767000 	C:\Program Files\Java\jdk1.8.0_121\jre\bin\java.exe
0x00007fff80c60000 - 0x00007fff80e0d000 	C:\Windows\SYSTEM32\ntdll.dll
0x00007fff80540000 - 0x00007fff8067e000 	C:\Windows\system32\KERNEL32.DLL
0x00007fff7de80000 - 0x00007fff7df95000 	C:\Windows\system32\KERNELBASE.dll
0x00007fff7c9a0000 - 0x00007fff7ca2e000 	C:\Windows\system32\apphelp.dll
0x00007fff66d70000 - 0x00007fff66dc3000 	C:\Windows\AppPatch\AppPatch64\AcGenral.DLL
0x00007fff80b70000 - 0x00007fff80c1a000 	C:\Windows\system32\msvcrt.dll
0x00007fff7de50000 - 0x00007fff7de7e000 	C:\Windows\system32\SspiCli.dll
0x00007fff7e570000 - 0x00007fff7e5c4000 	C:\Windows\system32\SHLWAPI.dll
0x00007fff7e3f0000 - 0x00007fff7e567000 	C:\Windows\system32\USER32.dll
0x00007fff7ff50000 - 0x00007fff800e4000 	C:\Windows\system32\ole32.dll
0x00007fff7e950000 - 0x00007fff7fe78000 	C:\Windows\system32\SHELL32.dll
0x00007fff7d340000 - 0x00007fff7d361000 	C:\Windows\SYSTEM32\USERENV.dll
0x00007fff7e340000 - 0x00007fff7e3ea000 	C:\Windows\system32\ADVAPI32.dll
0x00007fff6ecf0000 - 0x00007fff6ed0e000 	C:\Windows\SYSTEM32\MPR.dll
0x00007fff806f0000 - 0x00007fff80830000 	C:\Windows\system32\RPCRT4.dll
0x00007fff80130000 - 0x00007fff80189000 	C:\Windows\SYSTEM32\sechost.dll
0x00007fff7e5d0000 - 0x00007fff7e7e2000 	C:\Windows\SYSTEM32\combase.dll
0x00007fff80840000 - 0x00007fff8098f000 	C:\Windows\system32\GDI32.dll
0x00007fff7dd30000 - 0x00007fff7dd45000 	C:\Windows\SYSTEM32\profapi.dll
0x00007fff7c220000 - 0x00007fff7c2d2000 	C:\Windows\SYSTEM32\SHCORE.dll
0x00007fff80c20000 - 0x00007fff80c56000 	C:\Windows\system32\IMM32.DLL
0x00007fff7e7f0000 - 0x00007fff7e942000 	C:\Windows\system32\MSCTF.dll
0x00007fff7b420000 - 0x00007fff7b69b000 	C:\Windows\WinSxS\amd64_microsoft.windows.common-controls_6595b64144ccf1df_6.0.9600.18006_none_623f33d3ecbe86e8\COMCTL32.dll
0x0000000059120000 - 0x00000000591f2000 	C:\Program Files\Java\jdk1.8.0_121\jre\bin\msvcr100.dll
0x0000000058880000 - 0x000000005911b000 	C:\Program Files\Java\jdk1.8.0_121\jre\bin\server\jvm.dll
0x00007fff74060000 - 0x00007fff74069000 	C:\Windows\SYSTEM32\WSOCK32.dll
0x00007fff74030000 - 0x00007fff74052000 	C:\Windows\SYSTEM32\WINMM.dll
0x00007fff787c0000 - 0x00007fff787ca000 	C:\Windows\SYSTEM32\VERSION.dll
0x00007fff7ff40000 - 0x00007fff7ff47000 	C:\Windows\system32\PSAPI.DLL
0x00007fff80350000 - 0x00007fff803aa000 	C:\Windows\system32\WS2_32.dll
0x00007fff73ff0000 - 0x00007fff7401a000 	C:\Windows\SYSTEM32\WINMMBASE.dll
0x00007fff80830000 - 0x00007fff80839000 	C:\Windows\system32\NSI.dll
0x00007fff7e0b0000 - 0x00007fff7e0ff000 	C:\Windows\SYSTEM32\cfgmgr32.dll
0x00007fff7cbb0000 - 0x00007fff7cbd8000 	C:\Windows\SYSTEM32\DEVOBJ.dll
0x0000000058870000 - 0x000000005887f000 	C:\Program Files\Java\jdk1.8.0_121\jre\bin\verify.dll
0x0000000058840000 - 0x0000000058869000 	C:\Program Files\Java\jdk1.8.0_121\jre\bin\java.dll
0x00000000587f0000 - 0x0000000058806000 	C:\Program Files\Java\jdk1.8.0_121\jre\bin\zip.dll
0x00000000587c0000 - 0x00000000587cd000 	C:\Program Files\Java\jdk1.8.0_121\jre\bin\management.dll
0x00000000587d0000 - 0x00000000587ea000 	C:\Program Files\Java\jdk1.8.0_121\jre\bin\net.dll
0x00007fff7d5b0000 - 0x00007fff7d609000 	C:\Windows\system32\mswsock.dll
0x00007fff73e40000 - 0x00007fff73e55000 	C:\Windows\system32\napinsp.dll
0x00007fff7bce0000 - 0x00007fff7bcfb000 	C:\Windows\system32\NLAapi.dll
0x00007fff7d3b0000 - 0x00007fff7d454000 	C:\Windows\SYSTEM32\DNSAPI.dll
0x00007fff73e30000 - 0x00007fff73e3d000 	C:\Windows\System32\winrnr.dll
0x00007fff73540000 - 0x00007fff7354a000 	C:\Windows\System32\rasadhlp.dll
0x00007fff7b1b0000 - 0x00007fff7b1da000 	C:\Windows\SYSTEM32\IPHLPAPI.DLL
0x00007fff7b1a0000 - 0x00007fff7b1aa000 	C:\Windows\SYSTEM32\WINNSI.DLL
0x00007fff7ada0000 - 0x00007fff7ae0b000 	C:\Windows\System32\fwpuclnt.dll
0x00000000587a0000 - 0x00000000587b1000 	C:\Program Files\Java\jdk1.8.0_121\jre\bin\nio.dll
0x00007fff7d610000 - 0x00007fff7d630000 	C:\Windows\SYSTEM32\CRYPTSP.dll
0x00007fff7d250000 - 0x00007fff7d286000 	C:\Windows\system32\rsaenh.dll
0x00007fff7d860000 - 0x00007fff7d886000 	C:\Windows\SYSTEM32\bcrypt.dll
0x00007fff7db80000 - 0x00007fff7dbe3000 	C:\Windows\system32\bcryptprimitives.dll
0x00007fff7dbf0000 - 0x00007fff7dbfb000 	C:\Windows\SYSTEM32\CRYPTBASE.dll
0x00007fff7ac90000 - 0x00007fff7aca6000 	C:\Windows\SYSTEM32\dhcpcsvc6.DLL
0x00007fff7ac70000 - 0x00007fff7ac8a000 	C:\Windows\SYSTEM32\dhcpcsvc.DLL
0x000000006e4c0000 - 0x000000006e4df000 	C:\Users\hiresmart\AppData\Local\Temp\2\jffi7707394340203964897.dll

VM Arguments:
java_command: C:\Users\hiresmart\Workspace\springcassandra\springcassandra\target\surefire\surefirebooter8422716048802892774.jar C:\Users\hiresmart\Workspace\springcassandra\springcassandra\target\surefire\surefire97193056774185559tmp C:\Users\hiresmart\Workspace\springcassandra\springcassandra\target\surefire\surefire_01236886262410633508tmp
java_class_path (initial): C:\Users\hiresmart\Workspace\springcassandra\springcassandra\target\surefire\surefirebooter8422716048802892774.jar
Launcher Type: SUN_STANDARD

Environment Variables:
JAVA_HOME=C:\Program Files\Java\jdk1.8.0_121
PATH=C:/Program Files/Java/jre1.8.0_121/bin/server;C:/Program Files/Java/jre1.8.0_121/bin;C:/Program Files/Java/jre1.8.0_121/lib/amd64;C:\oraclexe\app\oracle\product\11.2.0\server\bin;C:\ProgramData\Oracle\Java\javapath;C:\Windows\system32;C:\Windows;C:\Windows\System32\Wbem;C:\Windows\System32\WindowsPowerShell\v1.0\;C:\apache-maven-3.3.1\bin;C:\Program Files\Java\jdk1.8.0_121\bin;C:\ProgramData\chocolatey\bin;C:\Program Files\Git\cmd;C:\Program Files\nodejs\;C:\Python27;C:\Python27\Lib;C:\Python27\DLLs;C:\Python27\Lib\lib-tk; ;C:\Users\hiresmart\AppData\Roaming\npm;C:\Users\hiresmart\AppData\Local\Programs\Fiddler;C:\Users\hiresmart\Desktop;
USERNAME=hiresmart
OS=Windows_NT
PROCESSOR_IDENTIFIER=Intel64 Family 6 Model 63 Stepping 2, GenuineIntel



---------------  S Y S T E M  ---------------

OS: Windows Server 2012 R2 , 64 bit Build 9600 (6.3.9600.17415)

CPU:total 2 (2 cores per cpu, 1 threads per core) family 6 model 63 stepping 2, cmov, cx8, fxsr, mmx, sse, sse2, sse3, ssse3, sse4.1, sse4.2, popcnt, avx, avx2, aes, clmul, erms, lzcnt, tsc, bmi1, bmi2

Memory: 4k page, physical 4193844k(178836k free), swap 7339572k(4824k free)

vm_info: Java HotSpot(TM) 64-Bit Server VM (25.121-b13) for windows-amd64 JRE (1.8.0_121-b13), built on Dec 12 2016 18:21:36 by "java_re" with MS VC++ 10.0 (VS2010)

time: Tue Oct 10 10:48:20 2017
elapsed time: 4 seconds (0d 0h 0m 4s)

